  [1m[35m (2.2ms)[0m  [1m[35mCREATE TABLE "schema_migrations" ("version" varchar NOT NULL PRIMARY KEY)[0m
  [1m[35m (0.3ms)[0m  [1m[35mCREATE TABLE "ar_internal_metadata" ("key" varchar NOT NULL PRIMARY KEY, "value" varchar, "created_at" datetime(6) NOT NULL, "updated_at" datetime(6) NOT NULL)[0m
  [1m[36mActiveRecord::InternalMetadata Load (0.2ms)[0m  [1m[34mSELECT * FROM "ar_internal_metadata" WHERE "ar_internal_metadata"."key" = ? ORDER BY "ar_internal_metadata"."key" ASC LIMIT 1[0m  [[nil, "environment"]]
  [1m[36mActiveRecord::InternalMetadata Create (0.3ms)[0m  [1m[32mINSERT INTO "ar_internal_metadata" ("key", "value", "created_at", "updated_at") VALUES ('environment', 'development', '2024-04-07 14:02:24.329997', '2024-04-07 14:02:24.330001') RETURNING "key"[0m
  [1m[36mActiveRecord::SchemaMigration Load (0.1ms)[0m  [1m[34mSELECT "schema_migrations"."version" FROM "schema_migrations" ORDER BY "schema_migrations"."version" ASC[0m
Migrating to CreateBookDetails (20240407135703)
  [1m[36mTRANSACTION (0.1ms)[0m  [1m[36mbegin transaction[0m
  [1m[35m (1.2ms)[0m  [1m[35mCREATE TABLE "book_details" ("id" integer PRIMARY KEY AUTOINCREMENT NOT NULL, "Book_Name" varchar, "Author" varchar, "Price" decimal, "Mail_ID" varchar, "created_at" datetime(6) NOT NULL, "updated_at" datetime(6) NOT NULL)[0m
  [1m[36mActiveRecord::SchemaMigration Create (0.2ms)[0m  [1m[32mINSERT INTO "schema_migrations" ("version") VALUES ('20240407135703') RETURNING "version"[0m
  [1m[36mTRANSACTION (0.2ms)[0m  [1m[36mcommit transaction[0m
  [1m[36mActiveRecord::SchemaMigration Load (0.1ms)[0m  [1m[34mSELECT "schema_migrations"."version" FROM "schema_migrations" ORDER BY "schema_migrations"."version" ASC[0m
Started GET "/" for 127.0.0.1 at 2024-04-07 19:37:13 +0530
  [1m[36mActiveRecord::SchemaMigration Load (0.3ms)[0m  [1m[34mSELECT "schema_migrations"."version" FROM "schema_migrations" ORDER BY "schema_migrations"."version" ASC[0m
Processing by BookDetailsController#index as HTML
  Rendering layout layouts/application.html.erb
  Rendering book_details/index.html.erb within layouts/application
  [1m[36mBookDetail Load (0.2ms)[0m  [1m[34mSELECT "book_details".* FROM "book_details"[0m
  ↳ app/views/book_details/index.html.erb:6
  Rendered book_details/index.html.erb within layouts/application (Duration: 11.7ms | Allocations: 3975)
  Rendered layout layouts/application.html.erb (Duration: 706.1ms | Allocations: 101794)
Completed 200 OK in 1030ms (Views: 738.0ms | ActiveRecord: 4.7ms | Allocations: 120327)


Started GET "/book_details/new" for 127.0.0.1 at 2024-04-07 19:37:30 +0530
Processing by BookDetailsController#new as HTML
  Rendering layout layouts/application.html.erb
  Rendering book_details/new.html.erb within layouts/application
  Rendered book_details/_form.html.erb (Duration: 108.8ms | Allocations: 6148)
  Rendered book_details/new.html.erb within layouts/application (Duration: 111.8ms | Allocations: 6470)
  Rendered layout layouts/application.html.erb (Duration: 117.6ms | Allocations: 7609)
Completed 200 OK in 204ms (Views: 118.9ms | ActiveRecord: 0.5ms | Allocations: 19476)


Started POST "/book_details" for 127.0.0.1 at 2024-04-07 19:38:23 +0530
Processing by BookDetailsController#create as TURBO_STREAM
  Parameters: {"authenticity_token"=>"[FILTERED]", "book_detail"=>{"Book_Name"=>"me", "Author"=>"vasanth", "Price"=>"12300", "Mail_ID"=>"me_book@vasanth.com"}, "commit"=>"Create Book detail"}
  [1m[36mTRANSACTION (0.1ms)[0m  [1m[36mbegin transaction[0m
  ↳ app/controllers/book_details_controller.rb:27:in `block in create'
  [1m[36mBookDetail Create (2.1ms)[0m  [1m[32mINSERT INTO "book_details" ("Book_Name", "Author", "Price", "Mail_ID", "created_at", "updated_at") VALUES (?, ?, ?, ?, ?, ?) RETURNING "id"[0m  [["Book_Name", "me"], ["Author", "vasanth"], ["Price", 12300.0], ["Mail_ID", "me_book@vasanth.com"], ["created_at", "2024-04-07 14:08:23.222148"], ["updated_at", "2024-04-07 14:08:23.222148"]]
  ↳ app/controllers/book_details_controller.rb:27:in `block in create'
  [1m[36mTRANSACTION (3.2ms)[0m  [1m[36mcommit transaction[0m
  ↳ app/controllers/book_details_controller.rb:27:in `block in create'
Redirected to http://127.0.0.1:3000/book_details/1
Completed 302 Found in 32ms (ActiveRecord: 5.4ms | Allocations: 3552)


Started GET "/book_details/1" for 127.0.0.1 at 2024-04-07 19:38:23 +0530
Processing by BookDetailsController#show as TURBO_STREAM
  Parameters: {"id"=>"1"}
  [1m[36mBookDetail Load (0.3ms)[0m  [1m[34mSELECT "book_details".* FROM "book_details" WHERE "book_details"."id" = ? LIMIT ?[0m  [["id", 1], ["LIMIT", 1]]
  ↳ app/controllers/book_details_controller.rb:63:in `set_book_detail'
  Rendering layout layouts/application.html.erb
  Rendering book_details/show.html.erb within layouts/application
  Rendered book_details/_book_detail.html.erb (Duration: 30.6ms | Allocations: 245)
  Rendered book_details/show.html.erb within layouts/application (Duration: 53.7ms | Allocations: 1505)
  Rendered layout layouts/application.html.erb (Duration: 60.6ms | Allocations: 2655)
Completed 200 OK in 109ms (Views: 61.6ms | ActiveRecord: 0.3ms | Allocations: 5730)


Started GET "/book_details/1/edit" for 127.0.0.1 at 2024-04-07 19:38:25 +0530
Processing by BookDetailsController#edit as HTML
  Parameters: {"id"=>"1"}
  [1m[36mBookDetail Load (0.1ms)[0m  [1m[34mSELECT "book_details".* FROM "book_details" WHERE "book_details"."id" = ? LIMIT ?[0m  [["id", 1], ["LIMIT", 1]]
  ↳ app/controllers/book_details_controller.rb:63:in `set_book_detail'
  Rendering layout layouts/application.html.erb
  Rendering book_details/edit.html.erb within layouts/application
  Rendered book_details/_form.html.erb (Duration: 4.4ms | Allocations: 1264)
  Rendered book_details/edit.html.erb within layouts/application (Duration: 6.9ms | Allocations: 1520)
  Rendered layout layouts/application.html.erb (Duration: 13.4ms | Allocations: 2665)
Completed 200 OK in 44ms (Views: 14.6ms | ActiveRecord: 0.1ms | Allocations: 3362)


Started GET "/book_details" for 127.0.0.1 at 2024-04-07 19:38:27 +0530
Processing by BookDetailsController#index as HTML
  Rendering layout layouts/application.html.erb
  Rendering book_details/index.html.erb within layouts/application
  [1m[36mBookDetail Load (0.2ms)[0m  [1m[34mSELECT "book_details".* FROM "book_details"[0m
  ↳ app/views/book_details/index.html.erb:6
  Rendered book_details/_book_detail.html.erb (Duration: 0.1ms | Allocations: 23)
  Rendered book_details/index.html.erb within layouts/application (Duration: 3.3ms | Allocations: 866)
  Rendered layout layouts/application.html.erb (Duration: 7.4ms | Allocations: 2007)
Completed 200 OK in 11ms (Views: 8.3ms | ActiveRecord: 0.1ms | Allocations: 2292)


Started GET "/" for 127.0.0.1 at 2024-04-12 11:00:23 +0530
  [1m[36mActiveRecord::SchemaMigration Load (0.6ms)[0m  [1m[34mSELECT "schema_migrations"."version" FROM "schema_migrations" ORDER BY "schema_migrations"."version" ASC[0m
Processing by BookDetailsController#index as HTML
  Rendering layout layouts/application.html.erb
  Rendering book_details/index.html.erb within layouts/application
  [1m[36mBookDetail Load (0.8ms)[0m  [1m[34mSELECT "book_details".* FROM "book_details"[0m
  ↳ app/views/book_details/index.html.erb:6
  Rendered book_details/_book_detail.html.erb (Duration: 4.0ms | Allocations: 291)
  Rendered book_details/index.html.erb within layouts/application (Duration: 411.0ms | Allocations: 13738)
  Rendered layout layouts/application.html.erb (Duration: 2029.9ms | Allocations: 47661)
Completed 200 OK in 3174ms (Views: 2182.4ms | ActiveRecord: 16.5ms | Allocations: 58646)


Started GET "/book_details/1" for 127.0.0.1 at 2024-04-12 11:01:47 +0530
Processing by BookDetailsController#show as HTML
  Parameters: {"id"=>"1"}
  [1m[36mBookDetail Load (0.3ms)[0m  [1m[34mSELECT "book_details".* FROM "book_details" WHERE "book_details"."id" = ? LIMIT ?[0m  [["id", 1], ["LIMIT", 1]]
  ↳ app/controllers/book_details_controller.rb:63:in `set_book_detail'
  Rendering layout layouts/application.html.erb
  Rendering book_details/show.html.erb within layouts/application
  Rendered book_details/_book_detail.html.erb (Duration: 0.2ms | Allocations: 23)
  Rendered book_details/show.html.erb within layouts/application (Duration: 94.4ms | Allocations: 1895)
  Rendered layout layouts/application.html.erb (Duration: 104.2ms | Allocations: 3045)
Completed 200 OK in 378ms (Views: 106.9ms | ActiveRecord: 0.3ms | Allocations: 10443)


Started GET "/book_details/new" for 127.0.0.1 at 2024-04-12 11:01:48 +0530
Processing by BookDetailsController#new as HTML
  Rendering layout layouts/application.html.erb
  Rendering book_details/new.html.erb within layouts/application
  Rendered book_details/_form.html.erb (Duration: 104.2ms | Allocations: 2529)
  Rendered book_details/new.html.erb within layouts/application (Duration: 111.5ms | Allocations: 2814)
  Rendered layout layouts/application.html.erb (Duration: 121.6ms | Allocations: 3952)
Completed 200 OK in 134ms (Views: 123.8ms | ActiveRecord: 0.0ms | Allocations: 4327)


Started GET "/book_details" for 127.0.0.1 at 2024-04-12 11:01:50 +0530
Processing by BookDetailsController#index as HTML
  Rendering layout layouts/application.html.erb
  Rendering book_details/index.html.erb within layouts/application
  [1m[36mBookDetail Load (0.2ms)[0m  [1m[34mSELECT "book_details".* FROM "book_details"[0m
  ↳ app/views/book_details/index.html.erb:6
  Rendered book_details/_book_detail.html.erb (Duration: 0.2ms | Allocations: 23)
  Rendered book_details/index.html.erb within layouts/application (Duration: 6.1ms | Allocations: 767)
  Rendered layout layouts/application.html.erb (Duration: 17.3ms | Allocations: 1907)
Completed 200 OK in 25ms (Views: 19.1ms | ActiveRecord: 0.2ms | Allocations: 2194)


Started GET "/book_details/new" for 127.0.0.1 at 2024-04-12 11:01:51 +0530
Started GET "/book_details/1" for 127.0.0.1 at 2024-04-12 11:01:51 +0530
Processing by BookDetailsController#new as HTML
  Rendering layout layouts/application.html.erb
  Rendering book_details/new.html.erb within layouts/application
  Rendered book_details/_form.html.erb (Duration: 9.7ms | Allocations: 1146)
  Rendered book_details/new.html.erb within layouts/application (Duration: 19.0ms | Allocations: 1235)
  Rendered layout layouts/application.html.erb (Duration: 51.6ms | Allocations: 2422)
Completed 200 OK in 82ms (Views: 60.3ms | ActiveRecord: 0.0ms | Allocations: 2720)


Processing by BookDetailsController#show as HTML
  Parameters: {"id"=>"1"}
  [1m[36mBookDetail Load (0.3ms)[0m  [1m[34mSELECT "book_details".* FROM "book_details" WHERE "book_details"."id" = ? LIMIT ?[0m  [["id", 1], ["LIMIT", 1]]
  ↳ app/controllers/book_details_controller.rb:63:in `set_book_detail'
  Rendering layout layouts/application.html.erb
  Rendering book_details/show.html.erb within layouts/application
  Rendered book_details/_book_detail.html.erb (Duration: 0.3ms | Allocations: 23)
  Rendered book_details/show.html.erb within layouts/application (Duration: 8.0ms | Allocations: 499)
  Rendered layout layouts/application.html.erb (Duration: 42.9ms | Allocations: 1634)
Completed 200 OK in 67ms (Views: 47.1ms | ActiveRecord: 0.3ms | Allocations: 2272)


Started GET "/book_details/1/edit" for 127.0.0.1 at 2024-04-12 11:01:54 +0530
Processing by BookDetailsController#edit as HTML
  Parameters: {"id"=>"1"}
  [1m[36mBookDetail Load (0.2ms)[0m  [1m[34mSELECT "book_details".* FROM "book_details" WHERE "book_details"."id" = ? LIMIT ?[0m  [["id", 1], ["LIMIT", 1]]
  ↳ app/controllers/book_details_controller.rb:63:in `set_book_detail'
  Rendering layout layouts/application.html.erb
  Rendering book_details/edit.html.erb within layouts/application
  Rendered book_details/_form.html.erb (Duration: 3.4ms | Allocations: 1208)
  Rendered book_details/edit.html.erb within layouts/application (Duration: 6.3ms | Allocations: 1464)
  Rendered layout layouts/application.html.erb (Duration: 17.8ms | Allocations: 2598)
Completed 200 OK in 66ms (Views: 20.1ms | ActiveRecord: 0.2ms | Allocations: 3283)


Started GET "/book_details" for 127.0.0.1 at 2024-04-12 11:01:56 +0530
Processing by BookDetailsController#index as HTML
  Rendering layout layouts/application.html.erb
  Rendering book_details/index.html.erb within layouts/application
  [1m[36mBookDetail Load (0.2ms)[0m  [1m[34mSELECT "book_details".* FROM "book_details"[0m
  ↳ app/views/book_details/index.html.erb:6
  Rendered book_details/_book_detail.html.erb (Duration: 0.1ms | Allocations: 23)
  Rendered book_details/index.html.erb within layouts/application (Duration: 5.6ms | Allocations: 773)
  Rendered layout layouts/application.html.erb (Duration: 16.0ms | Allocations: 1912)
Completed 200 OK in 27ms (Views: 17.9ms | ActiveRecord: 0.2ms | Allocations: 2193)


