Started GET "/" for 127.0.0.1 at 2024-04-07 19:15:56 +0530
  [1m[35m (3.3ms)[0m  [1m[35mCREATE TABLE "schema_migrations" ("version" varchar NOT NULL PRIMARY KEY)[0m
  [1m[35m (0.3ms)[0m  [1m[35mCREATE TABLE "ar_internal_metadata" ("key" varchar NOT NULL PRIMARY KEY, "value" varchar, "created_at" datetime(6) NOT NULL, "updated_at" datetime(6) NOT NULL)[0m
  [1m[36mActiveRecord::SchemaMigration Load (0.2ms)[0m  [1m[34mSELECT "schema_migrations"."version" FROM "schema_migrations" ORDER BY "schema_migrations"."version" ASC[0m
Processing by WelcomeController#index as HTML
  Rendering layout layouts/application.html.erb
  Rendering welcome/index.html.erb within layouts/application
  Rendered welcome/index.html.erb within layouts/application (Duration: 1.8ms | Allocations: 581)
  Rendered layout layouts/application.html.erb (Duration: 1075.1ms | Allocations: 80834)
Completed 500 Internal Server Error in 1353ms (ActiveRecord: 0.0ms | Allocations: 89404)


  
ActionView::Template::Error (Permission denied @ rb_file_s_rename - (C:/Users/gokul/Desktop/ODD_LAB/SS_Exp_1_to_9/Program_8/welcome_app/tmp/cache/assets/sprockets/v4.0.0/1A/1A9R_4CZ-yCeab5pf7epx2ZVFFpp41nWfHF2Zgiumzc.cache.21580.12324.215479, C:/Users/gokul/Desktop/ODD_LAB/SS_Exp_1_to_9/Program_8/welcome_app/tmp/cache/assets/sprockets/v4.0.0/1A/1A9R_4CZ-yCeab5pf7epx2ZVFFpp41nWfHF2Zgiumzc.cache)):
  
sprockets (4.2.1) lib/sprockets/path_utils.rb:362:in `rename'
sprockets (4.2.1) lib/sprockets/path_utils.rb:362:in `atomic_write'
sprockets (4.2.1) lib/sprockets/cache/file_store.rb:112:in `set'
sprockets (4.2.1) lib/sprockets/cache.rb:227:in `set'
sprockets (4.2.1) lib/sprockets/cache.rb:143:in `set'
sprockets (4.2.1) lib/sprockets/loader.rb:268:in `store_asset'
sprockets (4.2.1) lib/sprockets/loader.rb:228:in `load_from_unloaded'
sprockets (4.2.1) lib/sprockets/loader.rb:59:in `block in load'
sprockets (4.2.1) lib/sprockets/loader.rb:339:in `fetch_asset_from_dependency_cache'
sprockets (4.2.1) lib/sprockets/loader.rb:43:in `load'
sprockets (4.2.1) lib/sprockets/cached_environment.rb:44:in `block in load'
concurrent-ruby (1.2.3) lib/concurrent-ruby/concurrent/map.rb:207:in `block in fetch_or_store'
concurrent-ruby (1.2.3) lib/concurrent-ruby/concurrent/map.rb:187:in `fetch'
concurrent-ruby (1.2.3) lib/concurrent-ruby/concurrent/map.rb:206:in `fetch_or_store'
sprockets (4.2.1) lib/sprockets/cached_environment.rb:44:in `load'
sprockets (4.2.1) lib/sprockets/context.rb:117:in `load'
sprockets (4.2.1) lib/sprockets/context.rb:145:in `depend_on_asset'
sprockets (4.2.1) lib/sprockets/context.rb:185:in `link_asset'
sprockets-rails (3.4.2) lib/sprockets/rails/context.rb:27:in `compute_asset_path'
actionview (7.1.3.2) lib/action_view/helpers/asset_url_helper.rb:204:in `asset_path'
sprockets-rails (3.4.2) lib/sprockets/rails/sourcemapping_url_processor.rb:41:in `sourcemap_asset_path'
sprockets-rails (3.4.2) lib/sprockets/rails/sourcemapping_url_processor.rb:34:in `resolved_sourcemap_comment'
sprockets-rails (3.4.2) lib/sprockets/rails/sourcemapping_url_processor.rb:15:in `block in call'
sprockets-rails (3.4.2) lib/sprockets/rails/sourcemapping_url_processor.rb:11:in `gsub'
sprockets-rails (3.4.2) lib/sprockets/rails/sourcemapping_url_processor.rb:11:in `call'
sprockets (4.2.1) lib/sprockets/processor_utils.rb:84:in `call_processor'
sprockets (4.2.1) lib/sprockets/processor_utils.rb:66:in `block in call_processors'
sprockets (4.2.1) lib/sprockets/processor_utils.rb:65:in `reverse_each'
sprockets (4.2.1) lib/sprockets/processor_utils.rb:65:in `call_processors'
sprockets (4.2.1) lib/sprockets/loader.rb:184:in `load_from_unloaded'
sprockets (4.2.1) lib/sprockets/loader.rb:59:in `block in load'
sprockets (4.2.1) lib/sprockets/loader.rb:339:in `fetch_asset_from_dependency_cache'
sprockets (4.2.1) lib/sprockets/loader.rb:43:in `load'
sprockets (4.2.1) lib/sprockets/cached_environment.rb:44:in `block in load'
concurrent-ruby (1.2.3) lib/concurrent-ruby/concurrent/map.rb:207:in `block in fetch_or_store'
concurrent-ruby (1.2.3) lib/concurrent-ruby/concurrent/map.rb:187:in `fetch'
concurrent-ruby (1.2.3) lib/concurrent-ruby/concurrent/map.rb:206:in `fetch_or_store'
sprockets (4.2.1) lib/sprockets/cached_environment.rb:44:in `load'
sprockets (4.2.1) lib/sprockets/bundle.rb:27:in `call'
sprockets (4.2.1) lib/sprockets/processor_utils.rb:84:in `call_processor'
sprockets (4.2.1) lib/sprockets/processor_utils.rb:66:in `block in call_processors'
sprockets (4.2.1) lib/sprockets/processor_utils.rb:65:in `reverse_each'
sprockets (4.2.1) lib/sprockets/processor_utils.rb:65:in `call_processors'
sprockets (4.2.1) lib/sprockets/loader.rb:184:in `load_from_unloaded'
sprockets (4.2.1) lib/sprockets/loader.rb:59:in `block in load'
sprockets (4.2.1) lib/sprockets/loader.rb:339:in `fetch_asset_from_dependency_cache'
sprockets (4.2.1) lib/sprockets/loader.rb:43:in `load'
sprockets (4.2.1) lib/sprockets/cached_environment.rb:44:in `block in load'
concurrent-ruby (1.2.3) lib/concurrent-ruby/concurrent/map.rb:207:in `block in fetch_or_store'
concurrent-ruby (1.2.3) lib/concurrent-ruby/concurrent/map.rb:187:in `fetch'
concurrent-ruby (1.2.3) lib/concurrent-ruby/concurrent/map.rb:206:in `fetch_or_store'
sprockets (4.2.1) lib/sprockets/cached_environment.rb:44:in `load'
sprockets (4.2.1) lib/sprockets/base.rb:81:in `find_asset'
sprockets (4.2.1) lib/sprockets/base.rb:88:in `find_all_linked_assets'
sprockets (4.2.1) lib/sprockets/manifest.rb:125:in `each'
sprockets (4.2.1) lib/sprockets/manifest.rb:125:in `to_a'
sprockets (4.2.1) lib/sprockets/manifest.rb:125:in `block (2 levels) in find'
concurrent-ruby (1.2.3) lib/concurrent-ruby/concurrent/executor/safe_task_executor.rb:24:in `block in execute'
concurrent-ruby (1.2.3) lib/concurrent-ruby/concurrent/synchronization/mutex_lockable_object.rb:48:in `block in synchronize'
concurrent-ruby (1.2.3) lib/concurrent-ruby/concurrent/synchronization/mutex_lockable_object.rb:48:in `synchronize'
concurrent-ruby (1.2.3) lib/concurrent-ruby/concurrent/synchronization/mutex_lockable_object.rb:48:in `synchronize'
concurrent-ruby (1.2.3) lib/concurrent-ruby/concurrent/executor/safe_task_executor.rb:22:in `execute'
concurrent-ruby (1.2.3) lib/concurrent-ruby/concurrent/promise.rb:564:in `block in realize'
concurrent-ruby (1.2.3) lib/concurrent-ruby/concurrent/executor/ruby_thread_pool_executor.rb:359:in `run_task'
concurrent-ruby (1.2.3) lib/concurrent-ruby/concurrent/executor/ruby_thread_pool_executor.rb:350:in `block (3 levels) in create_worker'
concurrent-ruby (1.2.3) lib/concurrent-ruby/concurrent/executor/ruby_thread_pool_executor.rb:341:in `loop'
concurrent-ruby (1.2.3) lib/concurrent-ruby/concurrent/executor/ruby_thread_pool_executor.rb:341:in `block (2 levels) in create_worker'
concurrent-ruby (1.2.3) lib/concurrent-ruby/concurrent/executor/ruby_thread_pool_executor.rb:340:in `catch'
concurrent-ruby (1.2.3) lib/concurrent-ruby/concurrent/executor/ruby_thread_pool_executor.rb:340:in `block in create_worker'
Started GET "/" for 127.0.0.1 at 2024-04-07 19:19:19 +0530
  [1m[36mActiveRecord::SchemaMigration Load (0.3ms)[0m  [1m[34mSELECT "schema_migrations"."version" FROM "schema_migrations" ORDER BY "schema_migrations"."version" ASC[0m
Processing by WelcomeController#index as HTML
  Rendering layout layouts/application.html.erb
  Rendering welcome/index.html.erb within layouts/application
  Rendered welcome/index.html.erb within layouts/application (Duration: 1.9ms | Allocations: 581)
  Rendered layout layouts/application.html.erb (Duration: 299.9ms | Allocations: 44779)
Completed 200 OK in 341ms (Views: 314.3ms | ActiveRecord: 0.0ms | Allocations: 49444)


Started GET "/" for 127.0.0.1 at 2024-04-07 19:19:58 +0530
Processing by WelcomeController#index as HTML
  Rendering layout layouts/application.html.erb
  Rendering welcome/index.html.erb within layouts/application
  Rendered welcome/index.html.erb within layouts/application (Duration: 1.3ms | Allocations: 331)
  Rendered layout layouts/application.html.erb (Duration: 135.7ms | Allocations: 18618)
Completed 200 OK in 162ms (Views: 142.9ms | ActiveRecord: 0.0ms | Allocations: 19532)


Started GET "/welcome/greet?username=vasanth&commit=GO" for 127.0.0.1 at 2024-04-07 19:20:05 +0530
Processing by WelcomeController#greet as HTML
  Parameters: {"username"=>"vasanth", "commit"=>"GO"}
  Rendering layout layouts/application.html.erb
  Rendering welcome/greet.html.erb within layouts/application
  Rendered welcome/greet.html.erb within layouts/application (Duration: 0.9ms | Allocations: 116)
  Rendered layout layouts/application.html.erb (Duration: 8.2ms | Allocations: 1564)
Completed 200 OK in 14ms (Views: 9.2ms | ActiveRecord: 0.0ms | Allocations: 1902)


Started GET "/welcome/greet?username=vasanth&commit=GO" for 127.0.0.1 at 2024-04-07 19:21:34 +0530
Processing by WelcomeController#greet as HTML
  Parameters: {"username"=>"vasanth", "commit"=>"GO"}
  Rendering layout layouts/application.html.erb
  Rendering welcome/greet.html.erb within layouts/application
  Rendered welcome/greet.html.erb within layouts/application (Duration: 1.0ms | Allocations: 113)
  Rendered layout layouts/application.html.erb (Duration: 37.6ms | Allocations: 15371)
Completed 200 OK in 50ms (Views: 43.9ms | ActiveRecord: 0.0ms | Allocations: 16293)


Started GET "/" for 127.0.0.1 at 2024-04-07 19:21:37 +0530
Processing by WelcomeController#index as HTML
  Rendering layout layouts/application.html.erb
  Rendering welcome/index.html.erb within layouts/application
  Rendered welcome/index.html.erb within layouts/application (Duration: 1.6ms | Allocations: 321)
  Rendered layout layouts/application.html.erb (Duration: 7.2ms | Allocations: 1761)
Completed 200 OK in 13ms (Views: 8.8ms | ActiveRecord: 0.0ms | Allocations: 2090)


Started GET "/" for 127.0.0.1 at 2024-04-07 19:21:39 +0530
Processing by WelcomeController#index as HTML
  Rendering layout layouts/application.html.erb
  Rendering welcome/index.html.erb within layouts/application
  Rendered welcome/index.html.erb within layouts/application (Duration: 0.4ms | Allocations: 97)
  Rendered layout layouts/application.html.erb (Duration: 5.6ms | Allocations: 1527)
Completed 200 OK in 13ms (Views: 6.9ms | ActiveRecord: 0.0ms | Allocations: 1792)


Started GET "/" for 127.0.0.1 at 2024-04-12 10:51:47 +0530
  [1m[36mActiveRecord::SchemaMigration Load (0.4ms)[0m  [1m[34mSELECT "schema_migrations"."version" FROM "schema_migrations" ORDER BY "schema_migrations"."version" ASC[0m
Processing by WelcomeController#index as HTML
  Rendering layout layouts/application.html.erb
  Rendering welcome/index.html.erb within layouts/application
  Rendered welcome/index.html.erb within layouts/application (Duration: 5.7ms | Allocations: 581)
  Rendered layout layouts/application.html.erb (Duration: 2075.3ms | Allocations: 34841)
Completed 200 OK in 2991ms (Views: 2345.2ms | ActiveRecord: 0.0ms | Allocations: 39507)


Started GET "/welcome/greet?username=santhoesh&commit=GO" for 127.0.0.1 at 2024-04-12 10:52:06 +0530
Processing by WelcomeController#greet as HTML
  Parameters: {"username"=>"santhoesh", "commit"=>"GO"}
  Rendering layout layouts/application.html.erb
  Rendering welcome/greet.html.erb within layouts/application
  Rendered welcome/greet.html.erb within layouts/application (Duration: 1.4ms | Allocations: 112)
  Rendered layout layouts/application.html.erb (Duration: 223.8ms | Allocations: 2622)
Completed 200 OK in 238ms (Views: 226.4ms | ActiveRecord: 0.0ms | Allocations: 2960)


